C51 COMPILER V9.59.0.0   DATA                                                              11/10/2022 18:22:19 PAGE 1   


C51 COMPILER V9.59.0.0, COMPILATION OF MODULE DATA
OBJECT MODULE PLACED IN .\Objects\data.obj
COMPILER INVOKED BY: C:\Keil_v5\C51\BIN\C51.EXE data.c OMF2 OPTIMIZE(0,SPEED) BROWSE DEBUG PRINT(.\Listings\data.lst) OB
                    -JECT(.\Objects\data.obj)

line level    source

   1          #include <reg51.h>
   2          #include "data.h"
   3          #include "anjian.h"
   4          #include "lcd.h"
   5          //#include <STC89C5xRC.H>
   6          
   7          
   8          void delay(unsigned int ms) //延时 ms 毫秒
   9          {
  10   1          unsigned char i, j;
  11   1          while(ms--)
  12   1              for(i=0; i<2; i++)
  13   1                  for(j=0; j<122; j++);
  14   1      }
  15          //应该先写一个简单的，乐谱用来测试的，，，
  16          code char music[4][80]=
  17          {
  18          //      {1,2,3,1,2,3,1,2},
  19          //      {4,5,4,5,4,5,4,5},
  20          //      {6,7,6,7,6,7,6,7}
  21                  
  22                  {//两只老虎
  23                          1,2,3,1,
  24                          1,2,3,1,
  25                          3,4,5,3,4,5,
  26                          5,6,5,4,3,
  27                          1,
  28                          5,6,5,4,3,1,
  29                          2,-5,1,
  30                          2,-5,1,0
  31                  },
  32                  {//小星星
  33                          1,1,5,5,6,6,5,
  34                          4,4,3,3,2,2,1,
  35                          5,5,4,4,3,3,2,
  36                          5,5,4,4,3,3,2,
  37                          1,1,5,5,6,6,5,
  38                          4,4,3,3,2,2,1,0
  39                  },
  40                  {//生日快乐
  41                          -5,-5,-6,-5,1,-7,
  42                          -5,-5,-6,-5,2,1,
  43                          -5,-5,5,3,1,-7,-6,
  44                          4,4,3,1,3,2,
  45                          -5,-5,-6,-5,1,-7,
  46                          -5,-5,-6,-5,2,1,
  47                          -5,-5,5,3,1,-7,-6       
  48                  },
  49                  {//晚安喵
  50                          -5,3,3,-5,2,2,-5,1,1,1,2,//相同的值会被吞掉
  51                          -5,3,3,-5,2,2,-5,1,1,-7,1,
  52                          -5,-5,3,3,2,1,-7,1,-7,-6,-5,
  53                          -5,-5,1,1,1,-7,-7,-7,1,2,3,2,
  54                          -5,-5,3,3,5,5,4,3,4,1,
C51 COMPILER V9.59.0.0   DATA                                                              11/10/2022 18:22:19 PAGE 2   

  55                          -5,-5,1,1,2,2,1,2,1,0
  56                  }               
  57          };//存歌曲
  58          
  59          
  60          


MODULE INFORMATION:   STATIC OVERLAYABLE
   CODE SIZE        =     66    ----
   CONSTANT SIZE    =    320    ----
   XDATA SIZE       =   ----    ----
   PDATA SIZE       =   ----    ----
   DATA SIZE        =      4    ----
   IDATA SIZE       =   ----    ----
   BIT SIZE         =   ----    ----
   EDATA SIZE       =   ----    ----
   HDATA SIZE       =   ----    ----
   XDATA CONST SIZE =   ----    ----
   FAR CONST SIZE   =   ----    ----
END OF MODULE INFORMATION.


C51 COMPILATION COMPLETE.  0 WARNING(S),  0 ERROR(S)
