C51 COMPILER V9.59.0.0   UART                                                              11/04/2022 00:34:44 PAGE 1   


C51 COMPILER V9.59.0.0, COMPILATION OF MODULE UART
OBJECT MODULE PLACED IN .\Objects\UART.obj
COMPILER INVOKED BY: C:\Keil_v5\C51\BIN\C51.EXE UART.c OMF2 OPTIMIZE(0,SPEED) BROWSE DEBUG PRINT(.\Listings\UART.lst) OB
                    -JECT(.\Objects\UART.obj)

line level    source

   1          //#include <STC89C5xRC.H>
   2          #include <reg51.h>
   3          
   4          /**
   5            * @brief  串口初始化，4800bps@12.000MHz
   6            * @param  无
   7            * @retval 无
   8            */
   9          void UART_Init()
  10          {
  11   1              EA = 1;
  12   1              //ES = 1;
  13   1              SCON=0x40;
  14   1              PCON |= 0x80;
  15   1              TMOD &= 0x0F;           //设置定时器模式
  16   1              TMOD |= 0x20;           //设置定时器模式
  17   1              TL1 = 0xF3;             //设定定时初值
  18   1              TH1 = 0xF3;             //设定定时器重装值
  19   1              ET1 = 0;                //禁止定时器1中断
  20   1              TR1 = 1;                //启动定时器1
  21   1      }
  22          
  23          /**
  24            * @brief  串口发送一个字节数据
  25            * @param  Byte 要发送的一个字节数据
  26            * @retval 无
  27            */
  28          void UART_SendByte(unsigned char Byte)
  29          {
  30   1              
  31   1              SBUF=Byte;
  32   1              while(TI==0);
  33   1              TI=0;
  34   1      }


MODULE INFORMATION:   STATIC OVERLAYABLE
   CODE SIZE        =     36    ----
   CONSTANT SIZE    =   ----    ----
   XDATA SIZE       =   ----    ----
   PDATA SIZE       =   ----    ----
   DATA SIZE        =      1    ----
   IDATA SIZE       =   ----    ----
   BIT SIZE         =   ----    ----
   EDATA SIZE       =   ----    ----
   HDATA SIZE       =   ----    ----
   XDATA CONST SIZE =   ----    ----
   FAR CONST SIZE   =   ----    ----
END OF MODULE INFORMATION.


C51 COMPILATION COMPLETE.  0 WARNING(S),  0 ERROR(S)
